mode: atomic
github.com/youthlin/z/logger.go:37.42,44.2 2 2
github.com/youthlin/z/logger.go:46.26,48.2 1 0
github.com/youthlin/z/logger.go:50.50,52.2 1 1
github.com/youthlin/z/logger.go:53.64,60.2 3 18
github.com/youthlin/z/logger.go:64.57,66.2 1 7
github.com/youthlin/z/logger.go:68.56,70.2 1 9
github.com/youthlin/z/logger.go:72.56,74.2 1 3
github.com/youthlin/z/logger.go:76.57,78.2 1 2
github.com/youthlin/z/logger.go:80.51,82.2 1 22
github.com/youthlin/z/logger.go:88.61,89.34 1 2
github.com/youthlin/z/logger.go:89.34,91.3 1 2
github.com/youthlin/z/logger.go:94.60,95.33 1 3
github.com/youthlin/z/logger.go:95.33,97.3 1 3
github.com/youthlin/z/logger.go:100.60,101.33 1 2
github.com/youthlin/z/logger.go:101.33,103.3 1 2
github.com/youthlin/z/logger.go:106.61,107.34 1 4
github.com/youthlin/z/logger.go:107.34,109.3 1 4
github.com/youthlin/z/main.go:12.42,14.25 2 2
github.com/youthlin/z/main.go:21.2,23.29 3 2
github.com/youthlin/z/main.go:14.25,16.37 2 2
github.com/youthlin/z/main.go:16.37,19.4 1 2
github.com/youthlin/z/main.go:27.51,31.19 4 2
github.com/youthlin/z/main.go:36.2,36.16 1 2
github.com/youthlin/z/main.go:31.19,33.3 1 0
github.com/youthlin/z/main.go:33.8,35.3 1 2
github.com/youthlin/z/main.go:40.51,41.21 1 2
github.com/youthlin/z/main.go:42.15,43.44 1 2
github.com/youthlin/z/main.go:49.12,59.34 3 0
github.com/youthlin/z/main.go:60.10,61.36 1 0
github.com/youthlin/z/main.go:43.44,45.4 1 0
github.com/youthlin/z/main.go:45.9,48.4 2 2
github.com/youthlin/z/nop.go:11.52,11.53 0 0
github.com/youthlin/z/nop.go:12.51,12.71 1 0
github.com/youthlin/z/nop.go:13.51,13.71 1 0
github.com/youthlin/z/nop.go:14.51,14.67 1 0
github.com/youthlin/z/nop.go:15.52,15.53 0 0
github.com/youthlin/z/nop.go:16.52,16.53 0 0
github.com/youthlin/z/nop.go:17.52,17.53 0 0
github.com/youthlin/z/nop.go:18.52,18.53 0 0
github.com/youthlin/z/nop.go:19.52,19.53 0 0
github.com/youthlin/z/nop.go:20.52,20.53 0 0
github.com/youthlin/z/nop.go:21.52,21.53 0 0
github.com/youthlin/z/nop.go:22.52,22.53 0 0
github.com/youthlin/z/reflect.go:10.46,13.36 3 6
github.com/youthlin/z/reflect.go:16.2,18.23 3 6
github.com/youthlin/z/reflect.go:22.2,22.41 1 6
github.com/youthlin/z/reflect.go:13.36,14.95 1 0
github.com/youthlin/z/reflect.go:18.23,19.44 1 0
github.com/youthlin/z/reflect.go:22.41,24.40 2 40
github.com/youthlin/z/reflect.go:24.40,26.4 1 18
github.com/youthlin/z/reflect.go:31.43,32.14 1 25
github.com/youthlin/z/reflect.go:35.2,35.15 1 25
github.com/youthlin/z/reflect.go:41.2,42.31 2 25
github.com/youthlin/z/reflect.go:45.2,45.16 1 25
github.com/youthlin/z/reflect.go:48.2,48.47 1 17
github.com/youthlin/z/reflect.go:32.14,34.3 1 0
github.com/youthlin/z/reflect.go:35.15,36.31 1 25
github.com/youthlin/z/reflect.go:36.31,39.4 2 0
github.com/youthlin/z/reflect.go:42.31,44.3 1 0
github.com/youthlin/z/reflect.go:45.16,47.3 1 8
github.com/youthlin/z/config.go:22.32,24.2 1 4
github.com/youthlin/z/config.go:58.34,62.30 4 1
github.com/youthlin/z/config.go:68.2,69.20 2 1
github.com/youthlin/z/config.go:62.30,64.19 2 3
github.com/youthlin/z/config.go:64.19,66.4 1 2
github.com/youthlin/z/config.go:73.34,74.14 1 5
github.com/youthlin/z/config.go:77.2,111.18 3 5
github.com/youthlin/z/config.go:74.14,76.3 1 0
github.com/youthlin/z/context.go:22.37,23.16 1 14
github.com/youthlin/z/context.go:26.2,26.50 1 14
github.com/youthlin/z/context.go:31.2,31.12 1 2
github.com/youthlin/z/context.go:23.16,25.3 1 0
github.com/youthlin/z/context.go:26.50,27.37 1 12
github.com/youthlin/z/context.go:27.37,29.4 1 12
github.com/youthlin/z/context.go:35.51,36.16 1 11
github.com/youthlin/z/context.go:39.2,40.22 2 11
github.com/youthlin/z/context.go:43.2,45.15 3 10
github.com/youthlin/z/context.go:49.2,49.15 1 10
github.com/youthlin/z/context.go:36.16,38.3 1 0
github.com/youthlin/z/context.go:40.22,42.3 1 1
github.com/youthlin/z/context.go:45.15,48.3 2 17
github.com/youthlin/z/context.go:53.72,54.16 1 4
github.com/youthlin/z/context.go:57.2,57.40 1 4
github.com/youthlin/z/context.go:60.2,65.4 3 3
github.com/youthlin/z/context.go:54.16,56.3 1 0
github.com/youthlin/z/context.go:57.40,59.3 1 1
github.com/youthlin/z/context.go:69.69,70.32 1 4
github.com/youthlin/z/context.go:70.32,73.3 1 4
github.com/youthlin/z/context.go:77.68,78.31 1 1
github.com/youthlin/z/context.go:78.31,80.3 1 1
github.com/youthlin/z/context.go:84.68,85.31 1 1
github.com/youthlin/z/context.go:85.31,87.3 1 1
github.com/youthlin/z/context.go:91.69,92.32 1 1
github.com/youthlin/z/context.go:92.32,94.3 1 1
github.com/youthlin/z/context.go:98.73,99.32 1 1
github.com/youthlin/z/context.go:99.32,101.3 1 1
github.com/youthlin/z/context.go:105.72,106.31 1 1
github.com/youthlin/z/context.go:106.31,108.3 1 1
github.com/youthlin/z/context.go:112.72,113.31 1 1
github.com/youthlin/z/context.go:113.31,115.3 1 1
github.com/youthlin/z/context.go:119.73,120.32 1 1
github.com/youthlin/z/context.go:120.32,122.3 1 1
github.com/youthlin/z/global.go:8.37,11.2 1 1
github.com/youthlin/z/global.go:14.14,16.2 1 0
github.com/youthlin/z/global.go:19.38,22.2 1 1
github.com/youthlin/z/global.go:25.52,27.2 1 15
github.com/youthlin/z/global.go:30.39,32.2 1 11
github.com/youthlin/z/global.go:35.45,37.2 1 1
github.com/youthlin/z/global.go:40.44,42.2 1 1
github.com/youthlin/z/global.go:45.44,47.2 1 1
github.com/youthlin/z/global.go:50.45,52.2 1 1
github.com/youthlin/z/global.go:55.49,57.2 1 1
github.com/youthlin/z/global.go:60.48,62.2 1 1
github.com/youthlin/z/global.go:65.48,67.2 1 1
github.com/youthlin/z/global.go:70.49,72.2 1 3
github.com/youthlin/z/json.go:9.48,11.27 2 11
github.com/youthlin/z/json.go:25.2,25.15 1 11
github.com/youthlin/z/json.go:11.27,13.17 2 13
github.com/youthlin/z/json.go:13.17,21.4 3 1
github.com/youthlin/z/json.go:21.9,23.4 1 12
github.com/youthlin/z/json.go:35.49,36.32 1 2
github.com/youthlin/z/json.go:39.2,41.25 3 2
github.com/youthlin/z/json.go:36.32,38.3 1 0
github.com/youthlin/z/json.go:45.40,47.2 1 2
